app/build/intermediates/manifest_merge_blame_file/debug/manifest-merger-blame-debug-report.txt
1<?xml version="1.0" encoding="utf-8"?>
2<manifest xmlns:android="http://schemas.android.com/apk/res/android"
3    package="fr.delcey.machine_learning"
4    android:versionCode="1"
5    android:versionName="1.0" >
6
7    <uses-sdk
8        android:minSdkVersion="21"
8-->src\main\AndroidManifest.xml
9        android:targetSdkVersion="30" />
9-->src\main\AndroidManifest.xml
10
11    <uses-permission android:name="android.permission.INTERNET" />
11-->src\main\AndroidManifest.xml:6:5-8:36
11-->src\main\AndroidManifest.xml:7:9-51
12
13    <application
13-->src\main\AndroidManifest.xml:10:5-48:19
14        android:allowBackup="true"
14-->src\main\AndroidManifest.xml:11:9-35
15        android:appComponentFactory="androidx.core.app.CoreComponentFactory"
15-->[androidx.core:core:1.3.2] AndroidManifest.xml:24:18-86
16        android:debuggable="true"
17        android:icon="@mipmap/ic_launcher"
17-->src\main\AndroidManifest.xml:12:9-43
18        android:label="@string/app_name"
18-->src\main\AndroidManifest.xml:13:9-41
19        android:networkSecurityConfig="@xml/network_security_config"
19-->src\main\AndroidManifest.xml:14:9-69
20        android:roundIcon="@mipmap/ic_launcher_round"
20-->src\main\AndroidManifest.xml:15:9-54
21        android:supportsRtl="true"
21-->src\main\AndroidManifest.xml:16:9-35
22        android:theme="@style/Theme.MyApplication" >
22-->src\main\AndroidManifest.xml:17:9-51
23        <activity
23-->src\main\AndroidManifest.xml:19:9-27:20
24            android:name="fr.delcey.machine_learning.MainActivity"
24-->src\main\AndroidManifest.xml:20:13-41
25            android:exported="true" >
25-->src\main\AndroidManifest.xml:21:13-36
26            <intent-filter>
26-->src\main\AndroidManifest.xml:22:13-26:29
27                <action android:name="android.intent.action.MAIN" />
27-->src\main\AndroidManifest.xml:23:17-69
27-->src\main\AndroidManifest.xml:23:25-66
28
29                <category android:name="android.intent.category.LAUNCHER" />
29-->src\main\AndroidManifest.xml:25:17-77
29-->src\main\AndroidManifest.xml:25:27-74
30            </intent-filter>
31        </activity>
32        <activity
32-->src\main\AndroidManifest.xml:29:9-37:20
33            android:name="fr.delcey.machine_learning.AngiographicPredictActivity"
33-->src\main\AndroidManifest.xml:30:13-56
34            android:exported="true" >
34-->src\main\AndroidManifest.xml:31:13-36
35            <intent-filter>
35-->src\main\AndroidManifest.xml:32:13-36:29
36                <action android:name="android.intent.action.DEFAULT" />
36-->src\main\AndroidManifest.xml:33:17-72
36-->src\main\AndroidManifest.xml:33:25-69
37
38                <category android:name="android.intent.category.DEFAULT" />
38-->src\main\AndroidManifest.xml:35:17-76
38-->src\main\AndroidManifest.xml:35:27-73
39            </intent-filter>
40        </activity>
41        <activity
41-->src\main\AndroidManifest.xml:39:9-47:20
42            android:name="fr.delcey.machine_learning.AnaemiaPredictActivity"
42-->src\main\AndroidManifest.xml:40:13-51
43            android:exported="true" >
43-->src\main\AndroidManifest.xml:41:13-36
44            <intent-filter>
44-->src\main\AndroidManifest.xml:32:13-36:29
45                <action android:name="android.intent.action.DEFAULT" />
45-->src\main\AndroidManifest.xml:33:17-72
45-->src\main\AndroidManifest.xml:33:25-69
46
47                <category android:name="android.intent.category.DEFAULT" />
47-->src\main\AndroidManifest.xml:35:17-76
47-->src\main\AndroidManifest.xml:35:27-73
48            </intent-filter>
49        </activity>
50    </application>
51
52</manifest>